2020-10-19T17:04:12.866Z error: uncaughtException: Router.use() requires a middleware function but got a Object
TypeError: Router.use() requires a middleware function but got a Object
    at Function.use (E:\Documents\Amada\App\amada\node_modules\express\lib\router\index.js:458:13)
    at Function.<anonymous> (E:\Documents\Amada\App\amada\node_modules\express\lib\application.js:220:21)
    at Array.forEach (<anonymous>)
    at Function.use (E:\Documents\Amada\App\amada\node_modules\express\lib\application.js:217:7)
    at module.exports (E:\Documents\Amada\App\amada\startup\routes.js:4:9)
    at Object.<anonymous> (E:\Documents\Amada\App\amada\index.js:10:28)
    at Module._compile (internal/modules/cjs/loader.js:1137:30)
    at Object.Module._extensions..js (internal/modules/cjs/loader.js:1157:10)
    at Module.load (internal/modules/cjs/loader.js:985:32)
    at Function.Module._load (internal/modules/cjs/loader.js:878:14)
2020-10-19T17:05:34.761Z info: Listening on port 3000...
2020-10-19T17:05:34.774Z info: Connected to mongodb://localhost/amada...
2020-10-19T17:15:05.031Z info: Listening on port 3000...
2020-10-19T17:15:05.046Z info: Connected to mongodb://localhost/amada...
2020-10-19T17:15:20.617Z error: unhandledRejection: req is not defined
ReferenceError: req is not defined
    at E:\Documents\Amada\App\amada\routes\users.js:18:32
    at Layer.handle [as handle_request] (E:\Documents\Amada\App\amada\node_modules\express\lib\router\layer.js:95:5)
    at next (E:\Documents\Amada\App\amada\node_modules\express\lib\router\route.js:137:13)
    at Route.dispatch (E:\Documents\Amada\App\amada\node_modules\express\lib\router\route.js:112:3)
    at Layer.handle [as handle_request] (E:\Documents\Amada\App\amada\node_modules\express\lib\router\layer.js:95:5)
    at E:\Documents\Amada\App\amada\node_modules\express\lib\router\index.js:281:22
    at Function.process_params (E:\Documents\Amada\App\amada\node_modules\express\lib\router\index.js:335:12)
    at next (E:\Documents\Amada\App\amada\node_modules\express\lib\router\index.js:275:10)
    at Function.handle (E:\Documents\Amada\App\amada\node_modules\express\lib\router\index.js:174:3)
    at router (E:\Documents\Amada\App\amada\node_modules\express\lib\router\index.js:47:12)
    at Layer.handle [as handle_request] (E:\Documents\Amada\App\amada\node_modules\express\lib\router\layer.js:95:5)
    at trim_prefix (E:\Documents\Amada\App\amada\node_modules\express\lib\router\index.js:317:13)
    at E:\Documents\Amada\App\amada\node_modules\express\lib\router\index.js:284:7
    at Function.process_params (E:\Documents\Amada\App\amada\node_modules\express\lib\router\index.js:335:12)
    at next (E:\Documents\Amada\App\amada\node_modules\express\lib\router\index.js:275:10)
    at expressInit (E:\Documents\Amada\App\amada\node_modules\express\lib\middleware\init.js:40:5)
2020-10-19T17:16:52.101Z info: Listening on port 3000...
2020-10-19T17:16:52.116Z info: Connected to mongodb://localhost/amada...
2020-10-19T17:17:01.360Z error: unhandledRejection: req is not defined
ReferenceError: req is not defined
    at E:\Documents\Amada\App\amada\routes\users.js:18:32
    at Layer.handle [as handle_request] (E:\Documents\Amada\App\amada\node_modules\express\lib\router\layer.js:95:5)
    at next (E:\Documents\Amada\App\amada\node_modules\express\lib\router\route.js:137:13)
    at Route.dispatch (E:\Documents\Amada\App\amada\node_modules\express\lib\router\route.js:112:3)
    at Layer.handle [as handle_request] (E:\Documents\Amada\App\amada\node_modules\express\lib\router\layer.js:95:5)
    at E:\Documents\Amada\App\amada\node_modules\express\lib\router\index.js:281:22
    at Function.process_params (E:\Documents\Amada\App\amada\node_modules\express\lib\router\index.js:335:12)
    at next (E:\Documents\Amada\App\amada\node_modules\express\lib\router\index.js:275:10)
    at Function.handle (E:\Documents\Amada\App\amada\node_modules\express\lib\router\index.js:174:3)
    at router (E:\Documents\Amada\App\amada\node_modules\express\lib\router\index.js:47:12)
    at Layer.handle [as handle_request] (E:\Documents\Amada\App\amada\node_modules\express\lib\router\layer.js:95:5)
    at trim_prefix (E:\Documents\Amada\App\amada\node_modules\express\lib\router\index.js:317:13)
    at E:\Documents\Amada\App\amada\node_modules\express\lib\router\index.js:284:7
    at Function.process_params (E:\Documents\Amada\App\amada\node_modules\express\lib\router\index.js:335:12)
    at next (E:\Documents\Amada\App\amada\node_modules\express\lib\router\index.js:275:10)
    at expressInit (E:\Documents\Amada\App\amada\node_modules\express\lib\middleware\init.js:40:5)
2020-10-19T17:18:24.306Z info: Listening on port 3000...
2020-10-19T17:18:24.321Z info: Connected to mongodb://localhost/amada...
2020-10-19T17:18:26.674Z error: unhandledRejection: Cannot read property 'email' of undefined
TypeError: Cannot read property 'email' of undefined
    at E:\Documents\Amada\App\amada\routes\users.js:21:53
    at Layer.handle [as handle_request] (E:\Documents\Amada\App\amada\node_modules\express\lib\router\layer.js:95:5)
    at next (E:\Documents\Amada\App\amada\node_modules\express\lib\router\route.js:137:13)
    at Route.dispatch (E:\Documents\Amada\App\amada\node_modules\express\lib\router\route.js:112:3)
    at Layer.handle [as handle_request] (E:\Documents\Amada\App\amada\node_modules\express\lib\router\layer.js:95:5)
    at E:\Documents\Amada\App\amada\node_modules\express\lib\router\index.js:281:22
    at Function.process_params (E:\Documents\Amada\App\amada\node_modules\express\lib\router\index.js:335:12)
    at next (E:\Documents\Amada\App\amada\node_modules\express\lib\router\index.js:275:10)
    at Function.handle (E:\Documents\Amada\App\amada\node_modules\express\lib\router\index.js:174:3)
    at router (E:\Documents\Amada\App\amada\node_modules\express\lib\router\index.js:47:12)
    at Layer.handle [as handle_request] (E:\Documents\Amada\App\amada\node_modules\express\lib\router\layer.js:95:5)
    at trim_prefix (E:\Documents\Amada\App\amada\node_modules\express\lib\router\index.js:317:13)
    at E:\Documents\Amada\App\amada\node_modules\express\lib\router\index.js:284:7
    at Function.process_params (E:\Documents\Amada\App\amada\node_modules\express\lib\router\index.js:335:12)
    at next (E:\Documents\Amada\App\amada\node_modules\express\lib\router\index.js:275:10)
    at expressInit (E:\Documents\Amada\App\amada\node_modules\express\lib\middleware\init.js:40:5)
2020-10-19T17:21:57.177Z error: uncaughtException: Cannot find module '../routes/auth'
Require stack:
- E:\Documents\Amada\App\amada\startup\routes.js
- E:\Documents\Amada\App\amada\index.js
Error: Cannot find module '../routes/auth'
Require stack:
- E:\Documents\Amada\App\amada\startup\routes.js
- E:\Documents\Amada\App\amada\index.js
    at Function.Module._resolveFilename (internal/modules/cjs/loader.js:965:15)
    at Function.Module._load (internal/modules/cjs/loader.js:841:27)
    at Module.require (internal/modules/cjs/loader.js:1025:19)
    at require (internal/modules/cjs/helpers.js:72:18)
    at Object.<anonymous> (E:\Documents\Amada\App\amada\startup\routes.js:1:14)
    at Module._compile (internal/modules/cjs/loader.js:1137:30)
    at Object.Module._extensions..js (internal/modules/cjs/loader.js:1157:10)
    at Module.load (internal/modules/cjs/loader.js:985:32)
    at Function.Module._load (internal/modules/cjs/loader.js:878:14)
    at Module.require (internal/modules/cjs/loader.js:1025:19)
2020-10-19T17:23:03.404Z info: Listening on port 3000...
2020-10-19T17:23:03.419Z info: Connected to mongodb://localhost/amada...
2020-10-19T17:23:06.366Z error: unhandledRejection: Cannot read property 'email' of undefined
TypeError: Cannot read property 'email' of undefined
    at E:\Documents\Amada\App\amada\routes\users.js:22:53
    at Layer.handle [as handle_request] (E:\Documents\Amada\App\amada\node_modules\express\lib\router\layer.js:95:5)
    at next (E:\Documents\Amada\App\amada\node_modules\express\lib\router\route.js:137:13)
    at Route.dispatch (E:\Documents\Amada\App\amada\node_modules\express\lib\router\route.js:112:3)
    at Layer.handle [as handle_request] (E:\Documents\Amada\App\amada\node_modules\express\lib\router\layer.js:95:5)
    at E:\Documents\Amada\App\amada\node_modules\express\lib\router\index.js:281:22
    at Function.process_params (E:\Documents\Amada\App\amada\node_modules\express\lib\router\index.js:335:12)
    at next (E:\Documents\Amada\App\amada\node_modules\express\lib\router\index.js:275:10)
    at Function.handle (E:\Documents\Amada\App\amada\node_modules\express\lib\router\index.js:174:3)
    at router (E:\Documents\Amada\App\amada\node_modules\express\lib\router\index.js:47:12)
    at Layer.handle [as handle_request] (E:\Documents\Amada\App\amada\node_modules\express\lib\router\layer.js:95:5)
    at trim_prefix (E:\Documents\Amada\App\amada\node_modules\express\lib\router\index.js:317:13)
    at E:\Documents\Amada\App\amada\node_modules\express\lib\router\index.js:284:7
    at Function.process_params (E:\Documents\Amada\App\amada\node_modules\express\lib\router\index.js:335:12)
    at next (E:\Documents\Amada\App\amada\node_modules\express\lib\router\index.js:275:10)
    at expressInit (E:\Documents\Amada\App\amada\node_modules\express\lib\middleware\init.js:40:5)
2020-10-19T17:26:12.176Z info: Listening on port 3000...
2020-10-19T17:26:12.190Z info: Connected to mongodb://localhost/amada...
2020-10-19T17:26:14.976Z error: unhandledRejection: Cannot read property 'email' of undefined
TypeError: Cannot read property 'email' of undefined
    at E:\Documents\Amada\App\amada\routes\users.js:22:53
    at Layer.handle [as handle_request] (E:\Documents\Amada\App\amada\node_modules\express\lib\router\layer.js:95:5)
    at next (E:\Documents\Amada\App\amada\node_modules\express\lib\router\route.js:137:13)
    at Route.dispatch (E:\Documents\Amada\App\amada\node_modules\express\lib\router\route.js:112:3)
    at Layer.handle [as handle_request] (E:\Documents\Amada\App\amada\node_modules\express\lib\router\layer.js:95:5)
    at E:\Documents\Amada\App\amada\node_modules\express\lib\router\index.js:281:22
    at Function.process_params (E:\Documents\Amada\App\amada\node_modules\express\lib\router\index.js:335:12)
    at next (E:\Documents\Amada\App\amada\node_modules\express\lib\router\index.js:275:10)
    at Function.handle (E:\Documents\Amada\App\amada\node_modules\express\lib\router\index.js:174:3)
    at router (E:\Documents\Amada\App\amada\node_modules\express\lib\router\index.js:47:12)
    at Layer.handle [as handle_request] (E:\Documents\Amada\App\amada\node_modules\express\lib\router\layer.js:95:5)
    at trim_prefix (E:\Documents\Amada\App\amada\node_modules\express\lib\router\index.js:317:13)
    at E:\Documents\Amada\App\amada\node_modules\express\lib\router\index.js:284:7
    at Function.process_params (E:\Documents\Amada\App\amada\node_modules\express\lib\router\index.js:335:12)
    at next (E:\Documents\Amada\App\amada\node_modules\express\lib\router\index.js:275:10)
    at expressInit (E:\Documents\Amada\App\amada\node_modules\express\lib\middleware\init.js:40:5)
2020-10-19T17:28:15.341Z info: Listening on port 3000...
2020-10-19T17:28:15.356Z info: Connected to mongodb://localhost/amada...
2020-10-19T17:28:17.572Z error: unhandledRejection: Cannot read property 'email' of undefined
TypeError: Cannot read property 'email' of undefined
    at E:\Documents\Amada\App\amada\routes\users.js:23:25
    at Layer.handle [as handle_request] (E:\Documents\Amada\App\amada\node_modules\express\lib\router\layer.js:95:5)
    at next (E:\Documents\Amada\App\amada\node_modules\express\lib\router\route.js:137:13)
    at Route.dispatch (E:\Documents\Amada\App\amada\node_modules\express\lib\router\route.js:112:3)
    at Layer.handle [as handle_request] (E:\Documents\Amada\App\amada\node_modules\express\lib\router\layer.js:95:5)
    at E:\Documents\Amada\App\amada\node_modules\express\lib\router\index.js:281:22
    at Function.process_params (E:\Documents\Amada\App\amada\node_modules\express\lib\router\index.js:335:12)
    at next (E:\Documents\Amada\App\amada\node_modules\express\lib\router\index.js:275:10)
    at Function.handle (E:\Documents\Amada\App\amada\node_modules\express\lib\router\index.js:174:3)
    at router (E:\Documents\Amada\App\amada\node_modules\express\lib\router\index.js:47:12)
    at Layer.handle [as handle_request] (E:\Documents\Amada\App\amada\node_modules\express\lib\router\layer.js:95:5)
    at trim_prefix (E:\Documents\Amada\App\amada\node_modules\express\lib\router\index.js:317:13)
    at E:\Documents\Amada\App\amada\node_modules\express\lib\router\index.js:284:7
    at Function.process_params (E:\Documents\Amada\App\amada\node_modules\express\lib\router\index.js:335:12)
    at next (E:\Documents\Amada\App\amada\node_modules\express\lib\router\index.js:275:10)
    at expressInit (E:\Documents\Amada\App\amada\node_modules\express\lib\middleware\init.js:40:5)
2020-10-19T17:29:32.557Z info: Listening on port 3000...
2020-10-19T17:29:32.572Z info: Connected to mongodb://localhost/amada...
2020-10-19T17:29:37.590Z error: unhandledRejection: Cannot read property 'email' of undefined
TypeError: Cannot read property 'email' of undefined
    at E:\Documents\Amada\App\amada\routes\users.js:25:53
    at Layer.handle [as handle_request] (E:\Documents\Amada\App\amada\node_modules\express\lib\router\layer.js:95:5)
    at next (E:\Documents\Amada\App\amada\node_modules\express\lib\router\route.js:137:13)
    at Route.dispatch (E:\Documents\Amada\App\amada\node_modules\express\lib\router\route.js:112:3)
    at Layer.handle [as handle_request] (E:\Documents\Amada\App\amada\node_modules\express\lib\router\layer.js:95:5)
    at E:\Documents\Amada\App\amada\node_modules\express\lib\router\index.js:281:22
    at Function.process_params (E:\Documents\Amada\App\amada\node_modules\express\lib\router\index.js:335:12)
    at next (E:\Documents\Amada\App\amada\node_modules\express\lib\router\index.js:275:10)
    at Function.handle (E:\Documents\Amada\App\amada\node_modules\express\lib\router\index.js:174:3)
    at router (E:\Documents\Amada\App\amada\node_modules\express\lib\router\index.js:47:12)
    at Layer.handle [as handle_request] (E:\Documents\Amada\App\amada\node_modules\express\lib\router\layer.js:95:5)
    at trim_prefix (E:\Documents\Amada\App\amada\node_modules\express\lib\router\index.js:317:13)
    at E:\Documents\Amada\App\amada\node_modules\express\lib\router\index.js:284:7
    at Function.process_params (E:\Documents\Amada\App\amada\node_modules\express\lib\router\index.js:335:12)
    at next (E:\Documents\Amada\App\amada\node_modules\express\lib\router\index.js:275:10)
    at expressInit (E:\Documents\Amada\App\amada\node_modules\express\lib\middleware\init.js:40:5)
2020-10-19T17:30:50.148Z error: uncaughtException: express is not defined
ReferenceError: express is not defined
    at module.exports (E:\Documents\Amada\App\amada\startup\routes.js:6:13)
    at Object.<anonymous> (E:\Documents\Amada\App\amada\index.js:10:28)
    at Module._compile (internal/modules/cjs/loader.js:1137:30)
    at Object.Module._extensions..js (internal/modules/cjs/loader.js:1157:10)
    at Module.load (internal/modules/cjs/loader.js:985:32)
    at Function.Module._load (internal/modules/cjs/loader.js:878:14)
    at Function.executeUserEntryPoint [as runMain] (internal/modules/run_main.js:71:12)
    at internal/main/run_main_module.js:17:47
2020-10-19T17:31:14.596Z info: Listening on port 3000...
2020-10-19T17:31:14.610Z info: Connected to mongodb://localhost/amada...
2020-10-19T17:32:08.065Z info: Listening on port 3000...
2020-10-19T17:32:08.079Z info: Connected to mongodb://localhost/amada...
2020-10-19T17:34:23.468Z info: Listening on port 3000...
2020-10-19T17:34:23.483Z info: Connected to mongodb://localhost/amada...
